c:\users\杨金键\documents\visual studio 2015\projects\consoleapplication5\consoleapplication5\release\consoleapplication5.pch
c:\users\杨金键\documents\visual studio 2015\projects\consoleapplication5\consoleapplication5\release\vc140.pdb
c:\users\杨金键\documents\visual studio 2015\projects\consoleapplication5\consoleapplication5\release\stdafx.obj
c:\users\杨金键\documents\visual studio 2015\projects\consoleapplication5\consoleapplication5\release\dllmain.obj
c:\users\杨金键\documents\visual studio 2015\projects\consoleapplication5\consoleapplication5\release\.netframework,version=v4.0.assemblyattributes.obj
c:\users\杨金键\documents\visual studio 2015\projects\consoleapplication5\consoleapplication5\release\.netframework,version=v4.0.assemblyattributes.asm
c:\users\杨金键\documents\visual studio 2015\projects\consoleapplication5\consoleapplication5\release\callcs.obj
c:\users\杨金键\documents\visual studio 2015\projects\classlibrary1\release\consoleapplication5.lib
c:\users\杨金键\documents\visual studio 2015\projects\classlibrary1\release\consoleapplication5.exp
c:\users\杨金键\documents\visual studio 2015\projects\consoleapplication5\release\consoleapplication5.lib
c:\users\杨金键\documents\visual studio 2015\projects\consoleapplication5\release\consoleapplication5.exp
c:\users\杨金键\documents\visual studio 2015\projects\consoleapplication5\release\consoleapplication5.dll
c:\users\杨金键\documents\visual studio 2015\projects\consoleapplication5\release\consoleapplication5.pdb
c:\users\杨金键\documents\visual studio 2015\projects\consoleapplication5\consoleapplication5\release\consolea.ecbe627d.tlog\metagen.write.1.tlog
c:\users\杨金键\documents\visual studio 2015\projects\consoleapplication5\consoleapplication5\release\consoleapplication5.res
c:\users\杨金键\documents\visual studio 2015\projects\consoleapplication5\consoleapplication5\release\consoleapplication5.vcxprojresolveassemblyreference.cache
c:\users\杨金键\documents\visual studio 2015\projects\consoleapplication5\consoleapplication5\release\consolea.ecbe627d.tlog\cl.command.1.tlog
c:\users\杨金键\documents\visual studio 2015\projects\consoleapplication5\consoleapplication5\release\consolea.ecbe627d.tlog\cl.read.1.tlog
c:\users\杨金键\documents\visual studio 2015\projects\consoleapplication5\consoleapplication5\release\consolea.ecbe627d.tlog\cl.write.1.tlog
c:\users\杨金键\documents\visual studio 2015\projects\consoleapplication5\consoleapplication5\release\consolea.ecbe627d.tlog\consoleapplication5.write.1u.tlog
c:\users\杨金键\documents\visual studio 2015\projects\consoleapplication5\consoleapplication5\release\consolea.ecbe627d.tlog\link.command.1.tlog
c:\users\杨金键\documents\visual studio 2015\projects\consoleapplication5\consoleapplication5\release\consolea.ecbe627d.tlog\link.read.1.tlog
c:\users\杨金键\documents\visual studio 2015\projects\consoleapplication5\consoleapplication5\release\consolea.ecbe627d.tlog\link.write.1.tlog
c:\users\杨金键\documents\visual studio 2015\projects\consoleapplication5\consoleapplication5\release\consolea.ecbe627d.tlog\metagen.read.1.tlog
c:\users\杨金键\documents\visual studio 2015\projects\consoleapplication5\consoleapplication5\release\consolea.ecbe627d.tlog\rc.command.1.tlog
c:\users\杨金键\documents\visual studio 2015\projects\consoleapplication5\consoleapplication5\release\consolea.ecbe627d.tlog\rc.read.1.tlog
c:\users\杨金键\documents\visual studio 2015\projects\consoleapplication5\consoleapplication5\release\consolea.ecbe627d.tlog\rc.write.1.tlog
c:\users\杨金键\documents\visual studio 2015\projects\consoleapplication5\consoleapplication5\release\consolea.ecbe627d.tlog\classlibrary1.dll.metagen
c:\users\杨金键\documents\visual studio 2015\projects\consoleapplication5\consoleapplication5\release\consolea.ecbe627d.tlog\tzres.dll.bi
