c:\users\杨金键\documents\visual studio 2015\projects\consoleapplication5\consoleapplication5\x64\debug\consoleapplication5.pch
c:\users\杨金键\documents\visual studio 2015\projects\consoleapplication5\consoleapplication5\x64\debug\vc140.pdb
c:\users\杨金键\documents\visual studio 2015\projects\consoleapplication5\consoleapplication5\x64\debug\stdafx.obj
c:\users\杨金键\documents\visual studio 2015\projects\consoleapplication5\consoleapplication5\x64\debug\callcs.obj
c:\users\杨金键\documents\visual studio 2015\projects\consoleapplication5\consoleapplication5\x64\debug\dllmain.obj
c:\users\杨金键\documents\visual studio 2015\projects\consoleapplication5\consoleapplication5\x64\debug\.netframework,version=v4.0.assemblyattributes.obj
c:\users\杨金键\documents\visual studio 2015\projects\consoleapplication5\consoleapplication5\x64\debug\.netframework,version=v4.0.assemblyattributes.asm
d:\unfoldgame\cppfordllinjava\cpp\x64\debug\consoleapplication5.lib
d:\unfoldgame\cppfordllinjava\cpp\x64\debug\consoleapplication5.exp
d:\unfoldgame\cppfordllinjava\cpp\x64\debug\consoleapplication5.dll
d:\unfoldgame\cppfordllinjava\cpp\x64\debug\consoleapplication5.pdb
c:\users\杨金键\documents\visual studio 2015\projects\consoleapplication5\consoleapplication5\x64\debug\consolea.ecbe627d.tlog\metagen.write.1.tlog
c:\users\杨金键\documents\visual studio 2015\projects\consoleapplication5\consoleapplication5\x64\debug\consoleapplication5.res
c:\users\杨金键\documents\visual studio 2015\projects\consoleapplication5\consoleapplication5\x64\debug\consoleapplication5.vcxprojresolveassemblyreference.cache
c:\users\杨金键\documents\visual studio 2015\projects\consoleapplication5\consoleapplication5\x64\debug\consolea.ecbe627d.tlog\cl.command.1.tlog
c:\users\杨金键\documents\visual studio 2015\projects\consoleapplication5\consoleapplication5\x64\debug\consolea.ecbe627d.tlog\cl.read.1.tlog
c:\users\杨金键\documents\visual studio 2015\projects\consoleapplication5\consoleapplication5\x64\debug\consolea.ecbe627d.tlog\cl.write.1.tlog
c:\users\杨金键\documents\visual studio 2015\projects\consoleapplication5\consoleapplication5\x64\debug\consolea.ecbe627d.tlog\consoleapplication5.write.1u.tlog
c:\users\杨金键\documents\visual studio 2015\projects\consoleapplication5\consoleapplication5\x64\debug\consolea.ecbe627d.tlog\link.command.1.tlog
c:\users\杨金键\documents\visual studio 2015\projects\consoleapplication5\consoleapplication5\x64\debug\consolea.ecbe627d.tlog\link.read.1.tlog
c:\users\杨金键\documents\visual studio 2015\projects\consoleapplication5\consoleapplication5\x64\debug\consolea.ecbe627d.tlog\link.write.1.tlog
c:\users\杨金键\documents\visual studio 2015\projects\consoleapplication5\consoleapplication5\x64\debug\consolea.ecbe627d.tlog\metagen.read.1.tlog
c:\users\杨金键\documents\visual studio 2015\projects\consoleapplication5\consoleapplication5\x64\debug\consolea.ecbe627d.tlog\rc.command.1.tlog
c:\users\杨金键\documents\visual studio 2015\projects\consoleapplication5\consoleapplication5\x64\debug\consolea.ecbe627d.tlog\rc.read.1.tlog
c:\users\杨金键\documents\visual studio 2015\projects\consoleapplication5\consoleapplication5\x64\debug\consolea.ecbe627d.tlog\rc.write.1.tlog
c:\users\杨金键\documents\visual studio 2015\projects\consoleapplication5\consoleapplication5\x64\debug\consolea.ecbe627d.tlog\classlibrary1.dll.metagen
c:\users\杨金键\documents\visual studio 2015\projects\consoleapplication5\consoleapplication5\x64\debug\consolea.ecbe627d.tlog\tzres.dll.bi
