#
# A fatal error has been detected by the Java Runtime Environment:
#
#  EXCEPTION_ACCESS_VIOLATION (0xc0000005) at pc=0x0000000060783339, pid=10604, tid=15156
#
# JRE version: Java(TM) SE Runtime Environment (8.0_45-b14) (build 1.8.0_45-b14)
# Java VM: Java HotSpot(TM) 64-Bit Server VM (25.45-b02 mixed mode windows-amd64 compressed oops)
# Problematic frame:
# V  [jvm.dll+0x143339]
#
# Failed to write core dump. Minidumps are not enabled by default on client versions of Windows
#
# If you would like to submit a bug report, please visit:
#   http://bugreport.java.com/bugreport/crash.jsp
#

---------------  T H R E A D  ---------------

Current thread (0x0000000002f30800):  JavaThread "main" [_thread_in_vm, id=15156, stack(0x0000000002e30000,0x0000000002f30000)]

siginfo: ExceptionCode=0xc0000005, reading address 0x0000000000000000

Registers:
RAX=0x0000000000000000, RBX=0x0000000002f30800, RCX=0x0000000000000080, RDX=0x0000000000000000
RSP=0x0000000002f2f350, RBP=0x0000000002f2f420, RSI=0x0000000002f309f8, RDI=0x0000000000000000
R8 =0x0000000002f2f3b0, R9 =0x0000000060ed0000, R10=0x0000000000000000, R11=0x0000000000000000
R12=0x0000000017fe9d98, R13=0x0000000017a00f30, R14=0x0000000000000000, R15=0x0000000017fe9d90
RIP=0x0000000060783339, EFLAGS=0x0000000000010202

Top of Stack: (sp=0x0000000002f2f350)
0x0000000002f2f350:   0000000017fe9d98 0000000017a00f30
0x0000000002f2f360:   0000000000000000 0000000017fe9d90
0x0000000002f2f370:   0000000000000000 00007ffde9782ae1
0x0000000002f2f380:   00000000011054d0 0000000002f309f8
0x0000000002f2f390:   0000000000000000 000000000302e000
0x0000000002f2f3a0:   0000000017fe9d98 0000a2367e3726ac
0x0000000002f2f3b0:   00007ffe494aa8c0 ffffffffffffffff
0x0000000002f2f3c0:   0000000000000000 00007ffde9782950
0x0000000002f2f3d0:   0000000002f2f380 00007ffde9782ae1
0x0000000002f2f3e0:   0000000002f2f420 0000000017a00f30
0x0000000002f2f3f0:   0000000002f309f8 0000000000000000
0x0000000002f2f400:   00000000011054d0 0000000017a00f30
0x0000000002f2f410:   0000000002f2f5e0 0000000002f30800
0x0000000002f2f420:   0000000002f2f470 00007ffde97828b0
0x0000000002f2f430:   0000000002f309f8 0000000000000000
0x0000000002f2f440:   0000000000000000 0000000000000000 

Instructions: (pc=0x0000000060783339)
0x0000000060783319:   a9 00 00 00 30 74 08 48 8b cb e8 a8 ad 0f 00 c7
0x0000000060783329:   83 70 02 00 00 06 00 00 00 80 3d a8 69 6b 00 00
0x0000000060783339:   48 8b 0f b8 10 00 00 00 ba 0c 00 00 00 0f 45 c2
0x0000000060783349:   48 98 8b 3c 08 c7 83 70 02 00 00 07 00 00 00 83 


Register to memory mapping:

RAX=0x0000000000000000 is an unknown value
RBX=0x0000000002f30800 is a thread
RCX=0x0000000000000080 is an unknown value
RDX=0x0000000000000000 is an unknown value
RSP=0x0000000002f2f350 is pointing into the stack for thread: 0x0000000002f30800
RBP=0x0000000002f2f420 is pointing into the stack for thread: 0x0000000002f30800
RSI=0x0000000002f309f8 is an unknown value
RDI=0x0000000000000000 is an unknown value
R8 =0x0000000002f2f3b0 is pointing into the stack for thread: 0x0000000002f30800
R9 =0x0000000060ed0000 is an unknown value
R10=0x0000000000000000 is an unknown value
R11=0x0000000000000000 is an unknown value
R12=0x0000000017fe9d98 is an unknown value
R13={method} {0x0000000017a00f38} 'process' '(Ljava/lang/String;Ljava/lang/String;I)Ljava/lang/String;' in 'ruangong/process_html_and_pdf'
R14=0x0000000000000000 is an unknown value
R15=0x0000000017fe9d90 is an unknown value


Stack: [0x0000000002e30000,0x0000000002f30000],  sp=0x0000000002f2f350,  free space=1020k
Native frames: (J=compiled Java code, j=interpreted, Vv=VM code, C=native code)
V  [jvm.dll+0x143339]
C  0x00007ffde9782ae1

Java frames: (J=compiled Java code, j=interpreted, Vv=VM code)
j  ruangong.process_html_and_pdf.process(Ljava/lang/String;Ljava/lang/String;I)Ljava/lang/String;+0
j  ruangong.test.main([Ljava/lang/String;)V+65
v  ~StubRoutines::call_stub

---------------  P R O C E S S  ---------------

Java Threads: ( => current thread )
  0x000000001a0eb800 JavaThread "Service Thread" daemon [_thread_blocked, id=14672, stack(0x000000001a9c0000,0x000000001aac0000)]
  0x000000001a056800 JavaThread "C1 CompilerThread3" daemon [_thread_blocked, id=14740, stack(0x000000001a8c0000,0x000000001a9c0000)]
  0x000000001a04f800 JavaThread "C2 CompilerThread2" daemon [_thread_blocked, id=10508, stack(0x000000001a7c0000,0x000000001a8c0000)]
  0x000000001a04c800 JavaThread "C2 CompilerThread1" daemon [_thread_blocked, id=15056, stack(0x000000001a6c0000,0x000000001a7c0000)]
  0x000000001a045800 JavaThread "C2 CompilerThread0" daemon [_thread_blocked, id=15328, stack(0x000000001a5c0000,0x000000001a6c0000)]
  0x0000000019ffa000 JavaThread "Attach Listener" daemon [_thread_blocked, id=10824, stack(0x000000001a4c0000,0x000000001a5c0000)]
  0x0000000019ff9000 JavaThread "Signal Dispatcher" daemon [_thread_blocked, id=14648, stack(0x000000001a3c0000,0x000000001a4c0000)]
  0x000000000302a800 JavaThread "Finalizer" daemon [_thread_blocked, id=12004, stack(0x0000000019ec0000,0x0000000019fc0000)]
  0x0000000017fed000 JavaThread "Reference Handler" daemon [_thread_blocked, id=13208, stack(0x0000000019dc0000,0x0000000019ec0000)]
=>0x0000000002f30800 JavaThread "main" [_thread_in_vm, id=15156, stack(0x0000000002e30000,0x0000000002f30000)]

Other Threads:
  0x0000000017fe8800 VMThread [stack: 0x0000000019cc0000,0x0000000019dc0000] [id=15120]
  0x000000001a0fc800 WatcherThread [stack: 0x000000001aac0000,0x000000001abc0000] [id=12864]

VM state:not at safepoint (normal execution)

VM Mutex/Monitor currently owned by a thread: None

Heap:
 PSYoungGen      total 38400K, used 2662K [0x00000000d5c00000, 0x00000000d8680000, 0x0000000100000000)
  eden space 33280K, 8% used [0x00000000d5c00000,0x00000000d5e99a58,0x00000000d7c80000)
  from space 5120K, 0% used [0x00000000d8180000,0x00000000d8180000,0x00000000d8680000)
  to   space 5120K, 0% used [0x00000000d7c80000,0x00000000d7c80000,0x00000000d8180000)
 ParOldGen       total 87552K, used 0K [0x0000000081400000, 0x0000000086980000, 0x00000000d5c00000)
  object space 87552K, 0% used [0x0000000081400000,0x0000000081400000,0x0000000086980000)
 Metaspace       used 2566K, capacity 4490K, committed 4864K, reserved 1056768K
  class space    used 275K, capacity 386K, committed 512K, reserved 1048576K

Card table byte_map: [0x00000000123f0000,0x00000000127f0000] byte_map_base: 0x0000000011fe6000

Marking Bits: (ParMarkBitMap*) 0x0000000060e44040
 Begin Bits: [0x00000000132a0000, 0x0000000015250000)
 End Bits:   [0x0000000015250000, 0x0000000017200000)

Polling page: 0x00000000010a0000

CodeCache: size=245760Kb used=1093Kb max_used=1093Kb free=244666Kb
 bounds [0x0000000003030000, 0x00000000032a0000, 0x0000000012030000]
 total_blobs=253 nmethods=19 adapters=148
 compilation: enabled

Compilation events (10 events):
Event: 0.117 Thread 0x000000001a056800   18       3       java.io.WinNTFileSystem::isSlash (18 bytes)
Event: 0.117 Thread 0x000000001a056800 nmethod 18 0x000000000313ed50 code [0x000000000313eea0, 0x000000000313f090]
Event: 0.117 Thread 0x000000001a056800   16  s    3       java.lang.StringBuffer::append (13 bytes)
Event: 0.117 Thread 0x000000001a056800 nmethod 16 0x000000000313e490 code [0x000000000313e620, 0x000000000313eb08]
Event: 0.117 Thread 0x000000001a056800   17       3       java.lang.StringBuilder::append (8 bytes)
Event: 0.118 Thread 0x000000001a056800 nmethod 17 0x000000000313ddd0 code [0x000000000313df40, 0x000000000313e2a8]
Event: 0.118 Thread 0x000000001a056800   19       1       java.lang.Object::<init> (1 bytes)
Event: 0.118 Thread 0x000000001a056800 nmethod 19 0x000000000313db10 code [0x000000000313dc60, 0x000000000313dd70]
Event: 0.118 Thread 0x000000001a056800   15       3       java.lang.String::<init> (62 bytes)
Event: 0.118 Thread 0x000000001a056800 nmethod 15 0x0000000003140bd0 code [0x0000000003140d80, 0x00000000031411b8]

GC Heap History (0 events):
No events

Deoptimization events (0 events):
No events

Internal exceptions (3 events):
Event: 0.059 Thread 0x0000000002f30800 Exception <a 'java/lang/NoSuchMethodError': Method sun.misc.Unsafe.defineClass(Ljava/lang/String;[BII)Ljava/lang/Class; name or signature does not match> (0x00000000d5c12eb8) thrown at [C:\re\workspace\8-2-build-windows-amd64-cygwin\jdk8u45\3457\hotspot\srá¦ˆ®?
Event: 0.059 Thread 0x0000000002f30800 Exception <a 'java/lang/NoSuchMethodError': Method sun.misc.Unsafe.prefetchRead(Ljava/lang/Object;J)V name or signature does not match> (0x00000000d5c13148) thrown at [C:\re\workspace\8-2-build-windows-amd64-cygwin\jdk8u45\3457\hotspot\src\share\vm\prims\jáñtnÉ?
Event: 0.199 Thread 0x0000000002f30800 Exception <a 'java/lang/NullPointerException'> (0x00000000d5dfbf68) thrown at [C:\re\workspace\8-2-build-windows-amd64-cygwin\jdk8u45\3457\hotspot\src\share\vm\prims\jni.cpp, line 1318]

Events (10 events):
Event: 0.139 loading class sun/launcher/LauncherHelper$FXHelper
Event: 0.139 loading class sun/launcher/LauncherHelper$FXHelper done
Event: 0.139 loading class java/lang/Class$MethodArray
Event: 0.139 loading class java/lang/Class$MethodArray done
Event: 0.139 loading class java/lang/Void
Event: 0.139 loading class java/lang/Void done
Event: 0.139 loading class ruangong/process_html_and_pdf
Event: 0.139 loading class ruangong/process_html_and_pdf done
Event: 0.156 loading class java/lang/ClassLoaderHelper
Event: 0.156 loading class java/lang/ClassLoaderHelper done


Dynamic libraries:
0x00007ff728270000 - 0x00007ff7282a7000 	C:\Program Files\Java\jdk1.8.0_45\bin\javaw.exe
0x00007ffe5c9d0000 - 0x00007ffe5cb7d000 	C:\windows\SYSTEM32\ntdll.dll
0x00007ffe5ab00000 - 0x00007ffe5ac3a000 	C:\windows\system32\KERNEL32.DLL
0x00007ffe59c10000 - 0x00007ffe59d1f000 	C:\windows\system32\KERNELBASE.dll
0x00007ffe582b0000 - 0x00007ffe58338000 	C:\windows\system32\apphelp.dll
0x00007ffe25800000 - 0x00007ffe2584f000 	C:\windows\AppPatch\AppPatch64\AcGenral.DLL
0x00007ffe5c5d0000 - 0x00007ffe5c677000 	C:\windows\system32\msvcrt.dll
0x00007ffe595f0000 - 0x00007ffe5961b000 	C:\windows\SYSTEM32\SspiCli.dll
0x00007ffe5a440000 - 0x00007ffe5a491000 	C:\windows\system32\SHLWAPI.dll
0x00007ffe5acb0000 - 0x00007ffe5ae27000 	C:\windows\system32\USER32.dll
0x00007ffe5a700000 - 0x00007ffe5a894000 	C:\windows\system32\ole32.dll
0x00007ffe5b020000 - 0x00007ffe5c54b000 	C:\windows\system32\SHELL32.dll
0x00007ffe58e00000 - 0x00007ffe58e1e000 	C:\windows\SYSTEM32\USERENV.dll
0x00007ffe5c920000 - 0x00007ffe5c9c5000 	C:\windows\system32\ADVAPI32.dll
0x00007ffe51a00000 - 0x00007ffe51a1b000 	C:\windows\SYSTEM32\MPR.dll
0x00007ffe5c680000 - 0x00007ffe5c7c1000 	C:\windows\system32\RPCRT4.dll
0x00007ffe59fc0000 - 0x00007ffe5a019000 	C:\windows\SYSTEM32\sechost.dll
0x00007ffe5a260000 - 0x00007ffe5a436000 	C:\windows\SYSTEM32\combase.dll
0x00007ffe5c7d0000 - 0x00007ffe5c91f000 	C:\windows\system32\GDI32.dll
0x00007ffe597e0000 - 0x00007ffe597f4000 	C:\windows\SYSTEM32\profapi.dll
0x00007ffe57ca0000 - 0x00007ffe57d3f000 	C:\windows\SYSTEM32\SHCORE.dll
0x00007ffe5a8a0000 - 0x00007ffe5a8d4000 	C:\windows\system32\IMM32.DLL
0x00007ffe59e60000 - 0x00007ffe59fb2000 	C:\windows\system32\MSCTF.dll
0x00007ffe57850000 - 0x00007ffe57aca000 	C:\windows\WinSxS\amd64_microsoft.windows.common-controls_6595b64144ccf1df_6.0.9600.17810_none_6240b9c7ecbd0bda\COMCTL32.dll
0x0000000060ed0000 - 0x0000000060fa2000 	C:\Program Files\Java\jdk1.8.0_45\jre\bin\msvcr100.dll
0x0000000060640000 - 0x0000000060ec3000 	C:\Program Files\Java\jdk1.8.0_45\jre\bin\server\jvm.dll
0x00007ffe3aff0000 - 0x00007ffe3aff9000 	C:\windows\SYSTEM32\WSOCK32.dll
0x00007ffe59960000 - 0x00007ffe5997f000 	C:\windows\system32\WINMM.dll
0x00007ffe58760000 - 0x00007ffe5876a000 	C:\windows\SYSTEM32\VERSION.dll
0x00007ffe5ae30000 - 0x00007ffe5ae37000 	C:\windows\system32\PSAPI.DLL
0x00007ffe5a1e0000 - 0x00007ffe5a23a000 	C:\windows\system32\WS2_32.dll
0x00007ffe598c0000 - 0x00007ffe598ea000 	C:\windows\system32\WINMMBASE.dll
0x00007ffe5aca0000 - 0x00007ffe5aca9000 	C:\windows\system32\NSI.dll
0x00007ffe59910000 - 0x00007ffe5995a000 	C:\windows\SYSTEM32\cfgmgr32.dll
0x00007ffe59890000 - 0x00007ffe598b6000 	C:\windows\system32\DEVOBJ.dll
0x0000000060630000 - 0x000000006063f000 	C:\Program Files\Java\jdk1.8.0_45\jre\bin\verify.dll
0x0000000060600000 - 0x0000000060629000 	C:\Program Files\Java\jdk1.8.0_45\jre\bin\java.dll
0x00000000605e0000 - 0x00000000605f6000 	C:\Program Files\Java\jdk1.8.0_45\jre\bin\zip.dll
0x00007ffe3aa50000 - 0x00007ffe3aa61000 	C:\Program Files\Java\jdk1.8.0_45\bin\ConsoleApplication5.dll
0x00007ffe2bed0000 - 0x00007ffe2bee7000 	C:\windows\SYSTEM32\VCRUNTIME140.dll
0x00007ffe3a930000 - 0x00007ffe3a934000 	C:\windows\SYSTEM32\api-ms-win-crt-runtime-l1-1-0.dll
0x00007ffe3aa00000 - 0x00007ffe3aa03000 	C:\windows\SYSTEM32\api-ms-win-crt-heap-l1-1-0.dll
0x00007ffe2d5e0000 - 0x00007ffe2d5e4000 	C:\windows\SYSTEM32\api-ms-win-crt-convert-l1-1-0.dll
0x00007ffe49800000 - 0x00007ffe49864000 	C:\windows\SYSTEM32\mscoree.dll
0x00007ffe3a9e0000 - 0x00007ffe3a9e4000 	C:\windows\SYSTEM32\api-ms-win-crt-string-l1-1-0.dll
0x00007ffe3a920000 - 0x00007ffe3a924000 	C:\windows\SYSTEM32\api-ms-win-crt-stdio-l1-1-0.dll
0x00007ffe20980000 - 0x00007ffe20a72000 	C:\windows\SYSTEM32\ucrtbase.DLL
0x00007ffe49760000 - 0x00007ffe497f8000 	C:\Windows\Microsoft.NET\Framework64\v4.0.30319\mscoreei.dll
0x00007ffe58520000 - 0x00007ffe5852a000 	C:\windows\SYSTEM32\kernel.appcore.dll
0x00007ffe48e00000 - 0x00007ffe4975c000 	C:\Windows\Microsoft.NET\Framework64\v4.0.30319\clr.dll
0x00007ffe487f0000 - 0x00007ffe488e7000 	C:\windows\SYSTEM32\MSVCR120_CLR0400.dll
0x00007ffe467a0000 - 0x00007ffe47c38000 	C:\windows\assembly\NativeImages_v4.0.30319_64\mscorlib\fa8eef6f6cb67c660d71e15c5cad71b5\mscorlib.ni.dll
0x00007ffe45d40000 - 0x00007ffe45e45000 	C:\Windows\Microsoft.NET\Framework64\v4.0.30319\clrjit.dll
0x00007ffe5a8e0000 - 0x00007ffe5a9a6000 	C:\windows\system32\OLEAUT32.dll
0x00007ffe596a0000 - 0x00007ffe596aa000 	C:\windows\SYSTEM32\CRYPTBASE.dll
0x00007ffe59630000 - 0x00007ffe59693000 	C:\windows\SYSTEM32\bcryptPrimitives.dll
0x00007ffe590c0000 - 0x00007ffe590de000 	C:\windows\SYSTEM32\CRYPTSP.dll
0x00007ffe58cf0000 - 0x00007ffe58d25000 	C:\windows\system32\rsaenh.dll
0x00007ffe59300000 - 0x00007ffe59326000 	C:\windows\SYSTEM32\bcrypt.dll
0x00007ffe38390000 - 0x00007ffe38518000 	C:\windows\SYSTEM32\dbghelp.dll

VM Arguments:
jvm_args: -Dfile.encoding=UTF-8 
java_command: ruangong.test
java_class_path (initial): D:\java\ruangong\bin
Launcher Type: SUN_STANDARD

Environment Variables:
CLASSPATH= .;%JAVA_HOME%\lib\tools.jar;%JAVA_HOME%\lib\dt.jar;
PATH=C:\Program Files\Microsoft MPI\Bin\;C:\ProgramData\Oracle\Java\javapath;C:\Program Files (x86)\Intel\iCLS Client\;C:\Program Files\Intel\iCLS Client\;C:\windows\system32;C:\windows;C:\windows\System32\Wbem;C:\windows\System32\WindowsPowerShell\v1.0\;C:\Program Files\Intel\Intel(R) Management Engine Components\DAL;C:\Program Files\Intel\Intel(R) Management Engine Components\IPT;C:\Program Files (x86)\Intel\Intel(R) Management Engine Components\DAL;C:\Program Files (x86)\Intel\Intel(R) Management Engine Components\IPT;C:\Program Files (x86)\Lenovo\Lenovo Home\;D:\Qt\Qt5.5.0\5.5\mingw492_32\bin;C:\Program Files\Java\jdk1.8.0_45\bin;C:\Program Files\Microsoft SQL Server\130\Tools\Binn\;C:\Program Files\Microsoft SQL Server\110\Tools\Binn\;C:\Program Files (x86)\Windows Kits\10\Windows Performance Toolkit\;C:\Program Files\Microsoft SQL Server\Client SDK\ODBC\130\Tools\Binn\;C:\Program Files (x86)\Microsoft SQL Server\130\Tools\Binn\;C:\Program Files\Microsoft SQL Server\130\DTS\Binn\;C:\Program Files (x86)\Microsoft SQL Server\Client SDK\ODBC\130\Tools\Binn\;C:\Program Files (x86)\Microsoft SQL Server\130\DTS\Binn\;C:\Program Files (x86)\Microsoft SQL Server\130\Tools\Binn\ManagementStudio\;D:\Program Files\Git\cmd;C:\Program Files (x86)\NVIDIA Corporation\PhysX\Common
USERNAME=Ñî½ð¼ü
OS=Windows_NT
PROCESSOR_IDENTIFIER=Intel64 Family 6 Model 60 Stepping 3, GenuineIntel



---------------  S Y S T E M  ---------------

OS: Windows 8.1 , 64 bit Build 9600 (6.3.9600.17056)

CPU:total 8 (4 cores per cpu, 2 threads per core) family 6 model 60 stepping 3, cmov, cx8, fxsr, mmx, sse, sse2, sse3, ssse3, sse4.1, sse4.2, popcnt, avx, avx2, aes, clmul, erms, lzcnt, ht, tsc, tscinvbit, bmi1, bmi2

Memory: 4k page, physical 8298776k(2421584k free), swap 14590232k(5578028k free)

vm_info: Java HotSpot(TM) 64-Bit Server VM (25.45-b02) for windows-amd64 JRE (1.8.0_45-b14), built on Apr 10 2015 10:34:15 by "java_re" with MS VC++ 10.0 (VS2010)

time: Sun Nov 13 00:02:43 2016
elapsed time: 0 seconds (0d 0h 0m 0s)

