#
# A fatal error has been detected by the Java Runtime Environment:
#
#  Internal Error (0xe0434352), pid=10520, tid=14244
#
# JRE version: Java(TM) SE Runtime Environment (8.0_45-b14) (build 1.8.0_45-b14)
# Java VM: Java HotSpot(TM) 64-Bit Server VM (25.45-b02 mixed mode windows-amd64 compressed oops)
# Problematic frame:
# C  [KERNELBASE.dll+0x606c]
#
# Failed to write core dump. Minidumps are not enabled by default on client versions of Windows
#
# If you would like to submit a bug report, please visit:
#   http://bugreport.java.com/bugreport/crash.jsp
# The crash happened outside the Java Virtual Machine in native code.
# See problematic frame for where to report the bug.
#

---------------  T H R E A D  ---------------

Current thread (0x0000000002020800):  JavaThread "main" [_thread_in_native, id=14244, stack(0x0000000001f20000,0x0000000002020000)]

siginfo: ExceptionCode=0xe0434352, ExceptionInformation=0xffffffff80131522 0x0000000000000000 0x0000000000000000 0x0000000000000000 0x00007ffae4e70000 

Registers:
RAX=0x000000000031acc0, RBX=0x000000000201c560, RCX=0x0000000000000000, RDX=0x000000000036b460
RSP=0x000000000201a610, RBP=0x000000000201acc0, RSI=0x000000000201cb70, RDI=0x000000000201b420
R8 =0x0000000200000000, R9 =0x0000000100000002, R10=0x0000000000000002, R11=0x0000000100000002
R12=0x000000000201a768, R13=0x0000000000000000, R14=0x000000000201ba38, R15=0x0000000000000000
RIP=0x00007ffaf685606c, EFLAGS=0x0000000000000202

Top of Stack: (sp=0x000000000201a610)
0x000000000201a610:   00000001e06d7363 000000000201c560
0x000000000201a620:   000000000201cb70 000000000201b420
0x000000000201a630:   00000001e0434352 0000000000000000
0x000000000201a640:   00007ffaf685606c 0000000000000005
0x000000000201a650:   ffffffff80131522 0000000000000000
0x000000000201a660:   0000000000000000 0000000000000000
0x000000000201a670:   00007ffae4e70000 0000000000000000
0x000000000201a680:   0000000000000000 00007ffae6055908
0x000000000201a690:   000000000201c560 0000000000180bc8
0x000000000201a6a0:   000000000201b420 000000000201acc0
0x000000000201a6b0:   000000000201b420 00007ffae605587b
0x000000000201a6c0:   000000000201c560 000000000201eac0
0x000000000201a6d0:   00002243eb9421fc 00007ffa536cd652
0x000000000201a6e0:   000000000201c560 00007ffae6091e89
0x000000000201a6f0:   00007ffae5278594 000000000201ba38
0x000000000201a700:   0000273300000100 000000000201ac00 

Instructions: (pc=0x00007ffaf685606c)
0x00007ffaf685604c:   44 3b c0 44 0f 47 c0 44 89 44 24 38 49 c1 e0 03
0x00007ffaf685605c:   e8 cb b5 ff ff 48 8d 4c 24 20 ff 15 fc e5 0f 00
0x00007ffaf685606c:   48 8b 8c 24 c0 00 00 00 48 33 cc e8 84 b3 ff ff
0x00007ffaf685607c:   48 81 c4 d8 00 00 00 c3 90 90 90 90 90 90 90 90 


Register to memory mapping:

RAX=0x000000000031acc0 is an unknown value
RBX=0x000000000201c560 is pointing into the stack for thread: 0x0000000002020800
RCX=0x0000000000000000 is an unknown value
RDX=0x000000000036b460 is an unknown value
RSP=0x000000000201a610 is pointing into the stack for thread: 0x0000000002020800
RBP=0x000000000201acc0 is pointing into the stack for thread: 0x0000000002020800
RSI=0x000000000201cb70 is pointing into the stack for thread: 0x0000000002020800
RDI=0x000000000201b420 is pointing into the stack for thread: 0x0000000002020800
R8 =0x0000000200000000 is an unknown value
R9 =0x0000000100000002 is pointing into metadata
R10=0x0000000000000002 is an unknown value
R11=0x0000000100000002 is pointing into metadata
R12=0x000000000201a768 is pointing into the stack for thread: 0x0000000002020800
R13=0x0000000000000000 is an unknown value
R14=0x000000000201ba38 is pointing into the stack for thread: 0x0000000002020800
R15=0x0000000000000000 is an unknown value


Stack: [0x0000000001f20000,0x0000000002020000],  sp=0x000000000201a610,  free space=1001k
Native frames: (J=compiled Java code, j=interpreted, Vv=VM code, C=native code)
C  [KERNELBASE.dll+0x606c]
C  [MSVCR120_CLR0400.dll+0x61e89]
C  [ntdll.dll+0x92a63]
C  [clr.dll+0x12dbd]
C  [clr.dll+0x12b5a]
C  [clr.dll+0x84c9]
C  [clr.dll+0x3055]
C  [clr.dll+0x37fde]
C  0x0000000002135e34

Java frames: (J=compiled Java code, j=interpreted, Vv=VM code)
j  ruangong.process_html_and_pdf.test()Ljava/lang/String;+0
j  ruangong.test.main([Ljava/lang/String;)V+12
v  ~StubRoutines::call_stub

---------------  P R O C E S S  ---------------

Java Threads: ( => current thread )
  0x00000000191db000 JavaThread "Service Thread" daemon [_thread_blocked, id=12056, stack(0x0000000019ab0000,0x0000000019bb0000)]
  0x0000000019149800 JavaThread "C1 CompilerThread3" daemon [_thread_blocked, id=13832, stack(0x00000000199b0000,0x0000000019ab0000)]
  0x0000000019145800 JavaThread "C2 CompilerThread2" daemon [_thread_blocked, id=10544, stack(0x00000000198b0000,0x00000000199b0000)]
  0x0000000019142800 JavaThread "C2 CompilerThread1" daemon [_thread_blocked, id=12520, stack(0x00000000197b0000,0x00000000198b0000)]
  0x00000000190e9000 JavaThread "C2 CompilerThread0" daemon [_thread_blocked, id=9332, stack(0x00000000196b0000,0x00000000197b0000)]
  0x00000000190e6800 JavaThread "Attach Listener" daemon [_thread_blocked, id=11956, stack(0x00000000195b0000,0x00000000196b0000)]
  0x0000000019138800 JavaThread "Signal Dispatcher" daemon [_thread_blocked, id=12616, stack(0x00000000194b0000,0x00000000195b0000)]
  0x000000000211a800 JavaThread "Finalizer" daemon [_thread_blocked, id=11568, stack(0x0000000018fb0000,0x00000000190b0000)]
  0x00000000170dd000 JavaThread "Reference Handler" daemon [_thread_blocked, id=12824, stack(0x0000000018eb0000,0x0000000018fb0000)]
=>0x0000000002020800 JavaThread "main" [_thread_in_native, id=14244, stack(0x0000000001f20000,0x0000000002020000)]

Other Threads:
  0x00000000170d8800 VMThread [stack: 0x0000000018db0000,0x0000000018eb0000] [id=11596]
  0x00000000191f0000 WatcherThread [stack: 0x0000000019bb0000,0x0000000019cb0000] [id=10488]

VM state:not at safepoint (normal execution)

VM Mutex/Monitor currently owned by a thread: None

Heap:
 PSYoungGen      total 38400K, used 2662K [0x00000000d5c00000, 0x00000000d8680000, 0x0000000100000000)
  eden space 33280K, 8% used [0x00000000d5c00000,0x00000000d5e99a58,0x00000000d7c80000)
  from space 5120K, 0% used [0x00000000d8180000,0x00000000d8180000,0x00000000d8680000)
  to   space 5120K, 0% used [0x00000000d7c80000,0x00000000d7c80000,0x00000000d8180000)
 ParOldGen       total 87552K, used 0K [0x0000000081400000, 0x0000000086980000, 0x00000000d5c00000)
  object space 87552K, 0% used [0x0000000081400000,0x0000000081400000,0x0000000086980000)
 Metaspace       used 2564K, capacity 4486K, committed 4864K, reserved 1056768K
  class space    used 275K, capacity 386K, committed 512K, reserved 1048576K

Card table byte_map: [0x00000000114e0000,0x00000000118e0000] byte_map_base: 0x00000000110d6000

Marking Bits: (ParMarkBitMap*) 0x00000000523b4040
 Begin Bits: [0x0000000012390000, 0x0000000014340000)
 End Bits:   [0x0000000014340000, 0x00000000162f0000)

Polling page: 0x0000000000460000

CodeCache: size=245760Kb used=1094Kb max_used=1094Kb free=244665Kb
 bounds [0x0000000002120000, 0x0000000002390000, 0x0000000011120000]
 total_blobs=254 nmethods=20 adapters=148
 compilation: enabled

Compilation events (10 events):
Event: 0.077 Thread 0x0000000019149800   16       3       java.lang.StringBuilder::append (8 bytes)
Event: 0.077 Thread 0x0000000019149800 nmethod 16 0x000000000222f0d0 code [0x000000000222f240, 0x000000000222f5a8]
Event: 0.077 Thread 0x0000000019149800   19       1       java.lang.Object::<init> (1 bytes)
Event: 0.077 Thread 0x0000000019149800 nmethod 19 0x000000000222ee10 code [0x000000000222ef60, 0x000000000222f070]
Event: 0.077 Thread 0x0000000019149800   18  s    3       java.lang.StringBuffer::append (13 bytes)
Event: 0.077 Thread 0x0000000019149800 nmethod 18 0x000000000222e550 code [0x000000000222e6e0, 0x000000000222ebc8]
Event: 0.077 Thread 0x0000000019149800   15       3       java.lang.String::<init> (62 bytes)
Event: 0.077 Thread 0x0000000019149800 nmethod 15 0x0000000002230dd0 code [0x0000000002230f80, 0x00000000022313b8]
Event: 0.081 Thread 0x0000000019149800   20       3       java.lang.Math::min (11 bytes)
Event: 0.081 Thread 0x0000000019149800 nmethod 20 0x00000000022319d0 code [0x0000000002231b20, 0x0000000002231cb0]

GC Heap History (0 events):
No events

Deoptimization events (0 events):
No events

Internal exceptions (2 events):
Event: 0.032 Thread 0x0000000002020800 Exception <a 'java/lang/NoSuchMethodError': Method sun.misc.Unsafe.defineClass(Ljava/lang/String;[BII)Ljava/lang/Class; name or signature does not match> (0x00000000d5c12eb8) thrown at [C:\re\workspace\8-2-build-windows-amd64-cygwin\jdk8u45\3457\hotspot\srNšÐKòv ?
Event: 0.032 Thread 0x0000000002020800 Exception <a 'java/lang/NoSuchMethodError': Method sun.misc.Unsafe.prefetchRead(Ljava/lang/Object;J)V name or signature does not match> (0x00000000d5c13148) thrown at [C:\re\workspace\8-2-build-windows-amd64-cygwin\jdk8u45\3457\hotspot\src\share\vm\prims\j

Events (10 events):
Event: 0.080 loading class sun/launcher/LauncherHelper$FXHelper
Event: 0.080 loading class sun/launcher/LauncherHelper$FXHelper done
Event: 0.080 loading class java/lang/Class$MethodArray
Event: 0.080 loading class java/lang/Class$MethodArray done
Event: 0.081 loading class java/lang/Void
Event: 0.081 loading class java/lang/Void done
Event: 0.081 loading class ruangong/process_html_and_pdf
Event: 0.081 loading class ruangong/process_html_and_pdf done
Event: 0.081 loading class java/lang/ClassLoaderHelper
Event: 0.081 loading class java/lang/ClassLoaderHelper done


Dynamic libraries:
0x00007ff6df050000 - 0x00007ff6df087000 	C:\Program Files\Java\jdk1.8.0_45\bin\javaw.exe
0x00007ffaf9890000 - 0x00007ffaf9a3d000 	C:\windows\SYSTEM32\ntdll.dll
0x00007ffaf6d40000 - 0x00007ffaf6e7a000 	C:\windows\system32\KERNEL32.DLL
0x00007ffaf6850000 - 0x00007ffaf695f000 	C:\windows\system32\KERNELBASE.dll
0x00007ffaf5170000 - 0x00007ffaf51f8000 	C:\windows\system32\apphelp.dll
0x00007ffabf560000 - 0x00007ffabf5af000 	C:\windows\AppPatch\AppPatch64\AcGenral.DLL
0x00007ffaf74c0000 - 0x00007ffaf7567000 	C:\windows\system32\msvcrt.dll
0x00007ffaf6340000 - 0x00007ffaf636b000 	C:\windows\SYSTEM32\SspiCli.dll
0x00007ffaf6ff0000 - 0x00007ffaf7041000 	C:\windows\system32\SHLWAPI.dll
0x00007ffaf9440000 - 0x00007ffaf95b7000 	C:\windows\system32\USER32.dll
0x00007ffaf7570000 - 0x00007ffaf7704000 	C:\windows\system32\ole32.dll
0x00007ffaf7e80000 - 0x00007ffaf93ab000 	C:\windows\system32\SHELL32.dll
0x00007ffaf5cc0000 - 0x00007ffaf5cde000 	C:\windows\SYSTEM32\USERENV.dll
0x00007ffaf6c90000 - 0x00007ffaf6d35000 	C:\windows\system32\ADVAPI32.dll
0x00007ffaee8c0000 - 0x00007ffaee8db000 	C:\windows\SYSTEM32\MPR.dll
0x00007ffaf9740000 - 0x00007ffaf9881000 	C:\windows\system32\RPCRT4.dll
0x00007ffaf93e0000 - 0x00007ffaf9439000 	C:\windows\SYSTEM32\sechost.dll
0x00007ffaf7050000 - 0x00007ffaf7226000 	C:\windows\SYSTEM32\combase.dll
0x00007ffaf6e80000 - 0x00007ffaf6fcf000 	C:\windows\system32\GDI32.dll
0x00007ffaf66a0000 - 0x00007ffaf66b4000 	C:\windows\SYSTEM32\profapi.dll
0x00007ffaf4b60000 - 0x00007ffaf4bff000 	C:\windows\SYSTEM32\SHCORE.dll
0x00007ffaf7c50000 - 0x00007ffaf7c84000 	C:\windows\system32\IMM32.DLL
0x00007ffaf7230000 - 0x00007ffaf7382000 	C:\windows\system32\MSCTF.dll
0x00007ffaf4710000 - 0x00007ffaf498a000 	C:\windows\WinSxS\amd64_microsoft.windows.common-controls_6595b64144ccf1df_6.0.9600.17810_none_6240b9c7ecbd0bda\COMCTL32.dll
0x0000000052440000 - 0x0000000052512000 	C:\Program Files\Java\jdk1.8.0_45\jre\bin\msvcr100.dll
0x0000000051bb0000 - 0x0000000052433000 	C:\Program Files\Java\jdk1.8.0_45\jre\bin\server\jvm.dll
0x00007ffad7d20000 - 0x00007ffad7d29000 	C:\windows\SYSTEM32\WSOCK32.dll
0x00007ffaf6820000 - 0x00007ffaf683f000 	C:\windows\system32\WINMM.dll
0x00007ffaf5620000 - 0x00007ffaf562a000 	C:\windows\SYSTEM32\VERSION.dll
0x00007ffaf95c0000 - 0x00007ffaf95c7000 	C:\windows\system32\PSAPI.DLL
0x00007ffaf7390000 - 0x00007ffaf73ea000 	C:\windows\system32\WS2_32.dll
0x00007ffaf67a0000 - 0x00007ffaf67ca000 	C:\windows\system32\WINMMBASE.dll
0x00007ffaf6fe0000 - 0x00007ffaf6fe9000 	C:\windows\system32\NSI.dll
0x00007ffaf67d0000 - 0x00007ffaf681a000 	C:\windows\SYSTEM32\cfgmgr32.dll
0x00007ffaf6750000 - 0x00007ffaf6776000 	C:\windows\system32\DEVOBJ.dll
0x0000000051ba0000 - 0x0000000051baf000 	C:\Program Files\Java\jdk1.8.0_45\jre\bin\verify.dll
0x0000000051b70000 - 0x0000000051b99000 	C:\Program Files\Java\jdk1.8.0_45\jre\bin\java.dll
0x0000000051b50000 - 0x0000000051b66000 	C:\Program Files\Java\jdk1.8.0_45\jre\bin\zip.dll
0x00007ffad7bb0000 - 0x00007ffad7bc7000 	C:\Program Files\Java\jdk1.8.0_45\bin\ConsoleApplication5.dll
0x00007ffad73f0000 - 0x00007ffad7407000 	C:\windows\SYSTEM32\VCRUNTIME140.dll
0x00007ffad7ae0000 - 0x00007ffad7ae4000 	C:\windows\SYSTEM32\api-ms-win-crt-runtime-l1-1-0.dll
0x00007ffad7af0000 - 0x00007ffad7af4000 	C:\windows\SYSTEM32\api-ms-win-crt-string-l1-1-0.dll
0x00007ffad7b10000 - 0x00007ffad7b13000 	C:\windows\SYSTEM32\api-ms-win-crt-heap-l1-1-0.dll
0x00007ffad7ac0000 - 0x00007ffad7ac4000 	C:\windows\SYSTEM32\api-ms-win-crt-convert-l1-1-0.dll
0x00007ffae66c0000 - 0x00007ffae6724000 	C:\windows\SYSTEM32\mscoree.dll
0x00007ffad7ad0000 - 0x00007ffad7ad4000 	C:\windows\SYSTEM32\api-ms-win-crt-stdio-l1-1-0.dll
0x00007ffaba070000 - 0x00007ffaba162000 	C:\windows\SYSTEM32\ucrtbase.DLL
0x00007ffae6620000 - 0x00007ffae66b8000 	C:\Windows\Microsoft.NET\Framework64\v4.0.30319\mscoreei.dll
0x00007ffaf53e0000 - 0x00007ffaf53ea000 	C:\windows\SYSTEM32\kernel.appcore.dll
0x00007ffae4e70000 - 0x00007ffae57cc000 	C:\Windows\Microsoft.NET\Framework64\v4.0.30319\clr.dll
0x00007ffae6030000 - 0x00007ffae6127000 	C:\windows\SYSTEM32\MSVCR120_CLR0400.dll
0x00007ffae39d0000 - 0x00007ffae4e68000 	C:\windows\assembly\NativeImages_v4.0.30319_64\mscorlib\fa8eef6f6cb67c660d71e15c5cad71b5\mscorlib.ni.dll
0x00007ffae2800000 - 0x00007ffae2905000 	C:\Windows\Microsoft.NET\Framework64\v4.0.30319\clrjit.dll
0x00007ffaf73f0000 - 0x00007ffaf74b6000 	C:\windows\system32\OLEAUT32.dll
0x00007ffad9f90000 - 0x00007ffada096000 	C:\Windows\Microsoft.NET\Framework64\v4.0.30319\diasymreader.dll
0x00007ffad5320000 - 0x00007ffad54a8000 	C:\windows\SYSTEM32\dbghelp.dll

VM Arguments:
jvm_args: -Dfile.encoding=UTF-8 
java_command: ruangong.test
java_class_path (initial): D:\java\ruangong\bin
Launcher Type: SUN_STANDARD

Environment Variables:
CLASSPATH= .;%JAVA_HOME%\lib\tools.jar;%JAVA_HOME%\lib\dt.jar;
PATH=C:\Program Files\Microsoft MPI\Bin\;C:\ProgramData\Oracle\Java\javapath;C:\Program Files (x86)\Intel\iCLS Client\;C:\Program Files\Intel\iCLS Client\;C:\windows\system32;C:\windows;C:\windows\System32\Wbem;C:\windows\System32\WindowsPowerShell\v1.0\;C:\Program Files\Intel\Intel(R) Management Engine Components\DAL;C:\Program Files\Intel\Intel(R) Management Engine Components\IPT;C:\Program Files (x86)\Intel\Intel(R) Management Engine Components\DAL;C:\Program Files (x86)\Intel\Intel(R) Management Engine Components\IPT;C:\Program Files (x86)\Lenovo\Lenovo Home\;D:\Qt\Qt5.5.0\5.5\mingw492_32\bin;C:\Program Files\Java\jdk1.8.0_45\bin;C:\Program Files\Microsoft SQL Server\130\Tools\Binn\;C:\Program Files\Microsoft SQL Server\110\Tools\Binn\;C:\Program Files (x86)\Windows Kits\10\Windows Performance Toolkit\;C:\Program Files\Microsoft SQL Server\Client SDK\ODBC\130\Tools\Binn\;C:\Program Files (x86)\Microsoft SQL Server\130\Tools\Binn\;C:\Program Files\Microsoft SQL Server\130\DTS\Binn\;C:\Program Files (x86)\Microsoft SQL Server\Client SDK\ODBC\130\Tools\Binn\;C:\Program Files (x86)\Microsoft SQL Server\130\DTS\Binn\;C:\Program Files (x86)\Microsoft SQL Server\130\Tools\Binn\ManagementStudio\;D:\Program Files\Git\cmd;C:\Program Files (x86)\NVIDIA Corporation\PhysX\Common
USERNAME=Ñî½ð¼ü
OS=Windows_NT
PROCESSOR_IDENTIFIER=Intel64 Family 6 Model 60 Stepping 3, GenuineIntel



---------------  S Y S T E M  ---------------

OS: Windows 8.1 , 64 bit Build 9600 (6.3.9600.17056)

CPU:total 8 (4 cores per cpu, 2 threads per core) family 6 model 60 stepping 3, cmov, cx8, fxsr, mmx, sse, sse2, sse3, ssse3, sse4.1, sse4.2, popcnt, avx, avx2, aes, clmul, erms, lzcnt, ht, tsc, tscinvbit, bmi1, bmi2

Memory: 4k page, physical 8298776k(3246612k free), swap 14590232k(6959872k free)

vm_info: Java HotSpot(TM) 64-Bit Server VM (25.45-b02) for windows-amd64 JRE (1.8.0_45-b14), built on Apr 10 2015 10:34:15 by "java_re" with MS VC++ 10.0 (VS2010)

time: Sat Nov 12 21:54:03 2016
elapsed time: 0 seconds (0d 0h 0m 0s)

