#
# A fatal error has been detected by the Java Runtime Environment:
#
#  EXCEPTION_ACCESS_VIOLATION (0xc0000005) at pc=0x00007ff982288a5c, pid=6800, tid=9636
#
# JRE version: Java(TM) SE Runtime Environment (8.0_45-b14) (build 1.8.0_45-b14)
# Java VM: Java HotSpot(TM) 64-Bit Server VM (25.45-b02 mixed mode windows-amd64 compressed oops)
# Problematic frame:
# C  [KERNELBASE.dll+0x8a5c]
#
# Failed to write core dump. Minidumps are not enabled by default on client versions of Windows
#
# If you would like to submit a bug report, please visit:
#   http://bugreport.java.com/bugreport/crash.jsp
# The crash happened outside the Java Virtual Machine in native code.
# See problematic frame for where to report the bug.
#

---------------  T H R E A D  ---------------

Current thread (0x000000000292d800):  JavaThread "main" [_thread_in_native, id=9636, stack(0x0000000002800000,0x0000000002900000)]

siginfo: ExceptionCode=0xc0000005, reading address 0x0000000000000000

Registers:
RAX=0x00007ff9592ea6fd, RBX=0x000000001a9e5418, RCX=0x00000000028fed60, RDX=0xffffffff00000000
RSP=0x00000000028ff000, RBP=0x000000001a9e54f0, RSI=0x000000001a9e54d8, RDI=0x000000001a9e54a0
R8 =0x00000000028febf0, R9 =0x0000000000000000, R10=0x00000000028fed60, R11=0x0000000000000080
R12=0x0000000000c46830, R13=0x0000000017421228, R14=0x000000001a9e5328, R15=0x000000000292d800
RIP=0x00007ff982288a5c, EFLAGS=0x0000000000000206

Top of Stack: (sp=0x00000000028ff000)
0x00000000028ff000:   00007ff95846da88 000000001a9e5418
0x00000000028ff010:   000000001a9e54d8 000000001a9e54a0
0x00000000028ff020:   00000000c0000005 0000000000000000
0x00000000028ff030:   00007ff8f9c0365f 0000000000000002
0x00000000028ff040:   0000000000000000 0000000000000000
0x00000000028ff050:   0000000000000000 0000ffff00001fa0
0x00000000028ff060:   0000000000000000 000000001a9e54d8
0x00000000028ff070:   000000001a9e54a0 00007ff95926406d
0x00000000028ff080:   0000000000000000 0000000000000000
0x00000000028ff090:   0000000000000000 0000000000000000
0x00000000028ff0a0:   000000001a9e5418 00007ff9596183da
0x00000000028ff0b0:   0000000000000000 0000000000000000
0x00000000028ff0c0:   0000a9c5a08e351d 0000000000000000
0x00000000028ff0d0:   0000000000000000 00007ff95938e429
0x00000000028ff0e0:   00310030007a0079 0035003400330032
0x00000000028ff0f0:   00000000a799c8cb 0000000000000000 

Instructions: (pc=0x00007ff982288a5c)
0x00007ff982288a3c:   44 3b c0 44 0f 47 c0 44 89 44 24 38 49 c1 e0 03
0x00007ff982288a4c:   e8 f3 8b ff ff 48 8d 4c 24 20 ff 15 14 0c 10 00
0x00007ff982288a5c:   48 8b 8c 24 c0 00 00 00 48 33 cc e8 d4 89 ff ff
0x00007ff982288a6c:   48 81 c4 d8 00 00 00 c3 90 90 90 90 90 90 90 90 


Register to memory mapping:

RAX=0x00007ff9592ea6fd is an unknown value
RBX=0x000000001a9e5418 is an unknown value
RCX=0x00000000028fed60 is pointing into the stack for thread: 0x000000000292d800
RDX=0xffffffff00000000 is an unknown value
RSP=0x00000000028ff000 is pointing into the stack for thread: 0x000000000292d800
RBP=0x000000001a9e54f0 is an unknown value
RSI=0x000000001a9e54d8 is an unknown value
RDI=0x000000001a9e54a0 is an unknown value
R8 =0x00000000028febf0 is pointing into the stack for thread: 0x000000000292d800
R9 =0x0000000000000000 is an unknown value
R10=0x00000000028fed60 is pointing into the stack for thread: 0x000000000292d800
R11=0x0000000000000080 is an unknown value
R12=0x0000000000c46830 is an unknown value
R13={method} {0x0000000017421230} 'process' '(Ljava/lang/String;Ljava/lang/String;I)Ljava/lang/String;' in 'ruangong/process_html_and_pdf'
R14=0x000000001a9e5328 is an unknown value
R15=0x000000000292d800 is a thread


Stack: [0x0000000002800000,0x0000000002900000],  sp=0x00000000028ff000,  free space=1020k
Native frames: (J=compiled Java code, j=interpreted, Vv=VM code, C=native code)
C  [KERNELBASE.dll+0x8a5c]
C  [clr.dll+0x12e429]
C  [clr.dll+0x12e45b]
C  [clr.dll+0x12e465]

Java frames: (J=compiled Java code, j=interpreted, Vv=VM code)
j  ruangong.process_html_and_pdf.process(Ljava/lang/String;Ljava/lang/String;I)Ljava/lang/String;+0
j  ruangong.Process_html_pdf.run()V+67
j  ruangong.test.main([Ljava/lang/String;)V+161
v  ~StubRoutines::call_stub

---------------  P R O C E S S  ---------------

Java Threads: ( => current thread )
  0x0000000019b07800 JavaThread "Service Thread" daemon [_thread_blocked, id=13756, stack(0x000000001a3d0000,0x000000001a4d0000)]
  0x0000000019a5c000 JavaThread "C1 CompilerThread3" daemon [_thread_blocked, id=7644, stack(0x000000001a2d0000,0x000000001a3d0000)]
  0x0000000019a5c800 JavaThread "C2 CompilerThread2" daemon [_thread_blocked, id=11784, stack(0x000000001a1d0000,0x000000001a2d0000)]
  0x0000000019a5e000 JavaThread "C2 CompilerThread1" daemon [_thread_blocked, id=9396, stack(0x000000001a0d0000,0x000000001a1d0000)]
  0x0000000019a56800 JavaThread "C2 CompilerThread0" daemon [_thread_blocked, id=13000, stack(0x0000000019fd0000,0x000000001a0d0000)]
  0x0000000019a54000 JavaThread "Attach Listener" daemon [_thread_blocked, id=12092, stack(0x0000000019ed0000,0x0000000019fd0000)]
  0x0000000019a53000 JavaThread "Signal Dispatcher" daemon [_thread_blocked, id=12252, stack(0x0000000019dd0000,0x0000000019ed0000)]
  0x0000000002a2a800 JavaThread "Finalizer" daemon [_thread_blocked, id=10376, stack(0x00000000198d0000,0x00000000199d0000)]
  0x0000000002a23000 JavaThread "Reference Handler" daemon [_thread_blocked, id=11208, stack(0x00000000197d0000,0x00000000198d0000)]
=>0x000000000292d800 JavaThread "main" [_thread_in_native, id=9636, stack(0x0000000002800000,0x0000000002900000)]

Other Threads:
  0x0000000017a09000 VMThread [stack: 0x00000000196d0000,0x00000000197d0000] [id=14772]
  0x0000000019b08800 WatcherThread [stack: 0x000000001a4d0000,0x000000001a5d0000] [id=9376]

VM state:not at safepoint (normal execution)

VM Mutex/Monitor currently owned by a thread: None

Heap:
 PSYoungGen      total 38400K, used 2662K [0x00000000d5b00000, 0x00000000d8580000, 0x0000000100000000)
  eden space 33280K, 8% used [0x00000000d5b00000,0x00000000d5d99ae0,0x00000000d7b80000)
  from space 5120K, 0% used [0x00000000d8080000,0x00000000d8080000,0x00000000d8580000)
  to   space 5120K, 0% used [0x00000000d7b80000,0x00000000d7b80000,0x00000000d8080000)
 ParOldGen       total 87552K, used 0K [0x0000000081000000, 0x0000000086580000, 0x00000000d5b00000)
  object space 87552K, 0% used [0x0000000081000000,0x0000000081000000,0x0000000086580000)
 Metaspace       used 3616K, capacity 4604K, committed 4864K, reserved 1056768K
  class space    used 405K, capacity 428K, committed 512K, reserved 1048576K

Card table byte_map: [0x0000000011df0000,0x00000000121f0000] byte_map_base: 0x00000000119e8000

Marking Bits: (ParMarkBitMap*) 0x0000000070a14040
 Begin Bits: [0x0000000012ca0000, 0x0000000014c60000)
 End Bits:   [0x0000000014c60000, 0x0000000016c20000)

Polling page: 0x0000000000d80000

CodeCache: size=245760Kb used=1230Kb max_used=1230Kb free=244529Kb
 bounds [0x0000000002a30000, 0x0000000002ca0000, 0x0000000011a30000]
 total_blobs=329 nmethods=75 adapters=167
 compilation: enabled

Compilation events (10 events):
Event: 0.366 Thread 0x0000000019a5c000   71  s    3       sun.misc.URLClassPath::getNextLoader (88 bytes)
Event: 0.367 Thread 0x0000000019a5c000 nmethod 71 0x0000000002b61ad0 code [0x0000000002b61ca0, 0x0000000002b62508]
Event: 0.367 Thread 0x0000000019a5c000   72  s    1       java.util.Vector::size (5 bytes)
Event: 0.367 Thread 0x0000000019a5c000 nmethod 72 0x0000000002b62990 code [0x0000000002b62ae0, 0x0000000002b62d50]
Event: 6.598 Thread 0x0000000019a5c000   73       1       java.net.URL::getPath (5 bytes)
Event: 6.598 Thread 0x0000000019a5c000 nmethod 73 0x0000000002b63810 code [0x0000000002b63960, 0x0000000002b63a70]
Event: 6.598 Thread 0x0000000019a5c000   74       1       java.net.URL::getAuthority (5 bytes)
Event: 6.599 Thread 0x0000000019a5c000 nmethod 74 0x0000000002b63ad0 code [0x0000000002b63c20, 0x0000000002b63d30]
Event: 6.599 Thread 0x0000000019a5c000   75       3       java.lang.ref.Reference::<init> (25 bytes)
Event: 6.599 Thread 0x0000000019a5c000 nmethod 75 0x0000000002b63d90 code [0x0000000002b63f00, 0x0000000002b64150]

GC Heap History (0 events):
No events

Deoptimization events (0 events):
No events

Internal exceptions (6 events):
Event: 0.057 Thread 0x000000000292d800 Exception <a 'java/lang/NoSuchMethodError': Method sun.misc.Unsafe.defineClass(Ljava/lang/String;[BII)Ljava/lang/Class; name or signature does not match> (0x00000000d5b12eb8) thrown at [C:\re\workspace\8-2-build-windows-amd64-cygwin\jdk8u45\3457\hotspot\srR¬LÒÀ_­?
Event: 0.057 Thread 0x000000000292d800 Exception <a 'java/lang/NoSuchMethodError': Method sun.misc.Unsafe.prefetchRead(Ljava/lang/Object;J)V name or signature does not match> (0x00000000d5b13148) thrown at [C:\re\workspace\8-2-build-windows-amd64-cygwin\jdk8u45\3457\hotspot\src\share\vm\prims\j¥¹iþ'Õ?
Event: 0.331 Thread 0x000000000292d800 Exception <a 'java/security/PrivilegedActionException'> (0x00000000d5d21910) thrown at [C:\re\workspace\8-2-build-windows-amd64-cygwin\jdk8u45\3457\hotspot\src\share\vm\prims\jvm.cpp, line 1382]
Event: 0.331 Thread 0x000000000292d800 Exception <a 'java/security/PrivilegedActionException'> (0x00000000d5d21c58) thrown at [C:\re\workspace\8-2-build-windows-amd64-cygwin\jdk8u45\3457\hotspot\src\share\vm\prims\jvm.cpp, line 1382]
Event: 0.332 Thread 0x000000000292d800 Exception <a 'java/security/PrivilegedActionException'> (0x00000000d5d25b80) thrown at [C:\re\workspace\8-2-build-windows-amd64-cygwin\jdk8u45\3457\hotspot\src\share\vm\prims\jvm.cpp, line 1382]
Event: 0.332 Thread 0x000000000292d800 Exception <a 'java/security/PrivilegedActionException'> (0x00000000d5d25ec8) thrown at [C:\re\workspace\8-2-build-windows-amd64-cygwin\jdk8u45\3457\hotspot\src\share\vm\prims\jvm.cpp, line 1382]

Events (10 events):
Event: 0.368 loading class java/util/regex/Pattern$BranchConn
Event: 0.369 loading class java/util/regex/Pattern$BranchConn done
Event: 0.369 loading class java/util/regex/Pattern$Branch
Event: 0.369 loading class java/util/regex/Pattern$Branch done
Event: 0.369 loading class java/util/regex/Pattern$Dollar
Event: 0.369 loading class java/util/regex/Pattern$Dollar done
Event: 4.170 Executing VM operation: EnableBiasedLocking
Event: 4.170 Executing VM operation: EnableBiasedLocking done
Event: 6.598 loading class ruangong/Process_html_pdf
Event: 6.598 loading class ruangong/Process_html_pdf done


Dynamic libraries:
0x00007ff60d3e0000 - 0x00007ff60d417000 	C:\Program Files\Java\jdk1.8.0_45\bin\javaw.exe
0x00007ff9850d0000 - 0x00007ff98527d000 	C:\windows\SYSTEM32\ntdll.dll
0x00007ff984c60000 - 0x00007ff984d9e000 	C:\windows\system32\KERNEL32.DLL
0x00007ff982280000 - 0x00007ff982395000 	C:\windows\system32\KERNELBASE.dll
0x00007ff980870000 - 0x00007ff9808fe000 	C:\windows\system32\apphelp.dll
0x00007ff9777a0000 - 0x00007ff9777f3000 	C:\windows\AppPatch\AppPatch64\AcGenral.DLL
0x00007ff984db0000 - 0x00007ff984e5a000 	C:\windows\system32\msvcrt.dll
0x00007ff982250000 - 0x00007ff98227e000 	C:\windows\system32\SspiCli.dll
0x00007ff984c00000 - 0x00007ff984c54000 	C:\windows\system32\SHLWAPI.dll
0x00007ff983f80000 - 0x00007ff9840f7000 	C:\windows\system32\USER32.dll
0x00007ff9825d0000 - 0x00007ff982764000 	C:\windows\system32\ole32.dll
0x00007ff982770000 - 0x00007ff983c98000 	C:\windows\system32\SHELL32.dll
0x00007ff981420000 - 0x00007ff981441000 	C:\windows\SYSTEM32\USERENV.dll
0x00007ff984870000 - 0x00007ff98491a000 	C:\windows\system32\ADVAPI32.dll
0x00007ff9740f0000 - 0x00007ff97410e000 	C:\windows\SYSTEM32\MPR.dll
0x00007ff984ec0000 - 0x00007ff985000000 	C:\windows\system32\RPCRT4.dll
0x00007ff9846b0000 - 0x00007ff984709000 	C:\windows\SYSTEM32\sechost.dll
0x00007ff984920000 - 0x00007ff984b31000 	C:\windows\SYSTEM32\combase.dll
0x00007ff984710000 - 0x00007ff98485f000 	C:\windows\system32\GDI32.dll
0x00007ff981e00000 - 0x00007ff981e15000 	C:\windows\SYSTEM32\profapi.dll
0x00007ff980350000 - 0x00007ff980402000 	C:\windows\SYSTEM32\SHCORE.dll
0x00007ff9843e0000 - 0x00007ff984416000 	C:\windows\system32\IMM32.DLL
0x00007ff983e20000 - 0x00007ff983f72000 	C:\windows\system32\MSCTF.dll
0x00007ff97fba0000 - 0x00007ff97fe1b000 	C:\windows\WinSxS\amd64_microsoft.windows.common-controls_6595b64144ccf1df_6.0.9600.18006_none_623f33d3ecbe86e8\COMCTL32.dll
0x0000000070aa0000 - 0x0000000070b72000 	C:\Program Files\Java\jdk1.8.0_45\jre\bin\msvcr100.dll
0x0000000070210000 - 0x0000000070a93000 	C:\Program Files\Java\jdk1.8.0_45\jre\bin\server\jvm.dll
0x00007ff977210000 - 0x00007ff977219000 	C:\windows\SYSTEM32\WSOCK32.dll
0x00007ff9821c0000 - 0x00007ff9821e2000 	C:\windows\system32\WINMM.dll
0x00007ff980d30000 - 0x00007ff980d3a000 	C:\windows\SYSTEM32\VERSION.dll
0x00007ff984600000 - 0x00007ff984607000 	C:\windows\system32\PSAPI.DLL
0x00007ff984e60000 - 0x00007ff984eba000 	C:\windows\system32\WS2_32.dll
0x00007ff981f00000 - 0x00007ff981f2a000 	C:\windows\system32\WINMMBASE.dll
0x00007ff984da0000 - 0x00007ff984da9000 	C:\windows\system32\NSI.dll
0x00007ff982170000 - 0x00007ff9821bf000 	C:\windows\SYSTEM32\cfgmgr32.dll
0x00007ff981eb0000 - 0x00007ff981ed8000 	C:\windows\system32\DEVOBJ.dll
0x0000000070eb0000 - 0x0000000070ebf000 	C:\Program Files\Java\jdk1.8.0_45\jre\bin\verify.dll
0x00000000701e0000 - 0x0000000070209000 	C:\Program Files\Java\jdk1.8.0_45\jre\bin\java.dll
0x00000000701c0000 - 0x00000000701d6000 	C:\Program Files\Java\jdk1.8.0_45\jre\bin\zip.dll
0x00007ff97a1d0000 - 0x00007ff97a1e1000 	C:\Program Files\Java\jdk1.8.0_45\bin\ConsoleApplication5.dll
0x00007ff979eb0000 - 0x00007ff979ec7000 	C:\windows\SYSTEM32\VCRUNTIME140.dll
0x00007ff97cf00000 - 0x00007ff97cf04000 	C:\windows\SYSTEM32\api-ms-win-crt-runtime-l1-1-0.dll
0x00007ff97a270000 - 0x00007ff97a273000 	C:\windows\SYSTEM32\api-ms-win-crt-heap-l1-1-0.dll
0x00007ff979e60000 - 0x00007ff979e64000 	C:\windows\SYSTEM32\api-ms-win-crt-convert-l1-1-0.dll
0x00007ff973b30000 - 0x00007ff973b94000 	C:\windows\SYSTEM32\mscoree.dll
0x00007ff979380000 - 0x00007ff979384000 	C:\windows\SYSTEM32\api-ms-win-crt-string-l1-1-0.dll
0x00007ff977100000 - 0x00007ff977104000 	C:\windows\SYSTEM32\api-ms-win-crt-stdio-l1-1-0.dll
0x00007ff960bf0000 - 0x00007ff960ce4000 	C:\windows\SYSTEM32\ucrtbase.DLL
0x00007ff973a90000 - 0x00007ff973b28000 	C:\Windows\Microsoft.NET\Framework64\v4.0.30319\mscoreei.dll
0x00007ff980ae0000 - 0x00007ff980aeb000 	C:\windows\SYSTEM32\kernel.appcore.dll
0x00007ff959260000 - 0x00007ff959bbc000 	C:\Windows\Microsoft.NET\Framework64\v4.0.30319\clr.dll
0x00007ff960990000 - 0x00007ff960a87000 	C:\windows\SYSTEM32\MSVCR120_CLR0400.dll
0x00007ff957dc0000 - 0x00007ff959258000 	C:\windows\assembly\NativeImages_v4.0.30319_64\mscorlib\fa8eef6f6cb67c660d71e15c5cad71b5\mscorlib.ni.dll
0x00007ff960630000 - 0x00007ff960735000 	C:\Windows\Microsoft.NET\Framework64\v4.0.30319\clrjit.dll
0x00007ff985000000 - 0x00007ff9850c6000 	C:\windows\system32\OLEAUT32.dll
0x00007ff981770000 - 0x00007ff981790000 	C:\windows\SYSTEM32\CRYPTSP.dll
0x00007ff981370000 - 0x00007ff9813a6000 	C:\windows\system32\rsaenh.dll
0x00007ff9819c0000 - 0x00007ff9819e6000 	C:\windows\SYSTEM32\bcrypt.dll
0x00007ff981d40000 - 0x00007ff981d4b000 	C:\windows\SYSTEM32\CRYPTBASE.dll
0x00007ff981cd0000 - 0x00007ff981d33000 	C:\windows\SYSTEM32\bcryptPrimitives.dll
0x00007ff9571e0000 - 0x00007ff957db2000 	C:\windows\assembly\NativeImages_v4.0.30319_64\System\bd2321a33a0848a0afb14e052c2429a3\System.ni.dll
0x00007ff956940000 - 0x00007ff9571d2000 	C:\windows\assembly\NativeImages_v4.0.30319_64\System.Xml\8d79af2187f469f2d86524fcb334895c\System.Xml.ni.dll
0x00007ff977b90000 - 0x00007ff977d19000 	C:\windows\SYSTEM32\dbghelp.dll

VM Arguments:
jvm_args: -Dfile.encoding=UTF-8 
java_command: ruangong.test
java_class_path (initial): D:\java\ruangong\bin
Launcher Type: SUN_STANDARD

Environment Variables:
CLASSPATH= .;%JAVA_HOME%\lib\tools.jar;%JAVA_HOME%\lib\dt.jar;;%CUDA_LIB_PATH%;%CUDA_BIN_PATH%;%CUDA_SDK_LIB_PATH%;%CUDA_SDK_BIN_PATH%;
PATH=D:\CUDA\bin;D:\CUDA\libnvvp;;C:\Program Files\Microsoft MPI\Bin\;C:\ProgramData\Oracle\Java\javapath;C:\Program Files (x86)\Intel\iCLS Client\;C:\Program Files\Intel\iCLS Client\;C:\windows\system32;C:\windows;C:\windows\System32\Wbem;C:\windows\System32\WindowsPowerShell\v1.0\;C:\Program Files\Intel\Intel(R) Management Engine Components\DAL;C:\Program Files\Intel\Intel(R) Management Engine Components\IPT;C:\Program Files (x86)\Intel\Intel(R) Management Engine Components\DAL;C:\Program Files (x86)\Intel\Intel(R) Management Engine Components\IPT;C:\Program Files (x86)\Lenovo\Lenovo Home\;D:\Qt\Qt5.5.0\5.5\mingw492_32\bin;C:\Program Files\Java\jdk1.8.0_45\bin;C:\Program Files\Microsoft SQL Server\130\Tools\Binn\;C:\Program Files\Microsoft SQL Server\110\Tools\Binn\;C:\Program Files (x86)\Windows Kits\10\Windows Performance Toolkit\;C:\Program Files\Microsoft SQL Server\Client SDK\ODBC\130\Tools\Binn\;C:\Program Files (x86)\Microsoft SQL Server\130\Tools\Binn\;C:\Program Files\Microsoft SQL Server\130\DTS\Binn\;C:\Program Files (x86)\Microsoft SQL Server\Client SDK\ODBC\130\Tools\Binn\;C:\Program Files (x86)\Microsoft SQL Server\130\DTS\Binn\;C:\Program Files (x86)\Microsoft SQL Server\130\Tools\Binn\ManagementStudio\;D:\Program Files\Git\cmd;C:\Program Files (x86)\NVIDIA Corporation\PhysX\Common;D:\Program Files (x86)\MATLAB\R2015b\runtime\win32;D:\Program Files (x86)\MATLAB\R2015b\bin;D:\Program Files\MATLAB\MATLAB Production Server\R2015a\runtime\win64;D:\Program Files\MATLAB\MATLAB Production Server\R2015a\bin;D:\Program Files\MATLAB\MATLAB Production Server\R2015a\polyspace\bin;D:\Program Files (x86)\MATLAB\R2015b\polyspace\bin;C:\Program Files (x86)\Microsoft SDKs\TypeScript\1.0\;C:\Program Files\Microsoft SQL Server\120\Tools\Binn\;D:\Program Files (x86)\MATLAB\R2014b\runtime\win32;D:\Program Files (x86)\MATLAB\R2014b\bin;D:\Program Files (x86)\MATLAB\R2014b\polyspace\bin
USERNAME=Ñî½ð¼ü
OS=Windows_NT
PROCESSOR_IDENTIFIER=Intel64 Family 6 Model 60 Stepping 3, GenuineIntel



---------------  S Y S T E M  ---------------

OS: Windows 8.1 , 64 bit Build 9600 (6.3.9600.17415)

CPU:total 8 (4 cores per cpu, 2 threads per core) family 6 model 60 stepping 3, cmov, cx8, fxsr, mmx, sse, sse2, sse3, ssse3, sse4.1, sse4.2, popcnt, avx, avx2, aes, clmul, erms, lzcnt, ht, tsc, tscinvbit, bmi1, bmi2

Memory: 4k page, physical 8315160k(3202952k free), swap 10281240k(3474896k free)

vm_info: Java HotSpot(TM) 64-Bit Server VM (25.45-b02) for windows-amd64 JRE (1.8.0_45-b14), built on Apr 10 2015 10:34:15 by "java_re" with MS VC++ 10.0 (VS2010)

time: Sat Dec 10 20:13:05 2016
elapsed time: 6 seconds (0d 0h 0m 6s)

